#Build: Fabric Configuration 2022.1, Build 99559, Jul 12 00:20 2022
#Install: C:\pango\PDS_2022.1\bin
#Application name: cdt_cfg.exe
#OS: Windows 10 10.0.22621
#Hostname: DESKTOP-9B6T2JA
Generated by Fabric Configuration (version 2022.1 build 99559) at Sun Nov  5 19:30:02 2023
M_PROCESS_FINISH_STARTED

Connecting to server[127.0.0.1 : 65420].
Connect to server[127.0.0.1 : 65420] successfully.
COMMAND[check version information] execute successfully, takes 0.0 secs.
The cable List : 
Cable index 0:USB Cable II/fffffffffffffffe 

COMMAND[get_cable_paras] execute successfully, takes 0.7 secs.
PANGO USB CABLE II cable driver: D2XX DLL
PGL22G
COMMAND[Open config cable] execute successfully, takes 2.2 secs.
COMMAND[Program] execute successfully, takes 1.0 secs.
The Start Address of bit file C:/pango/prj/e203_test/generate_bitstream/system.sbit: 0x0
COMMAND[Scan Outer SPI Flash] execute successfully, takes 4.5 secs.
The start address of operating flash is 0x0.
COMMAND[Erase Outer Flash] execute finish, takes 5.6 secs.
The start address of operating flash is 0x0.
COMMAND[Program Outer Flash] execute finish, takes 14.3 secs.
The start address of operating flash is 0x0.
COMMAND[Verify Outer Flash] execute successfully, takes 1.2 secs.
