#Build: Fabric Inserter 2022.1, Build 99559, Jul 12 00:20 2022
#Install: C:\pango\PDS_2022.1\bin
#Application name: cdt_ins.exe
#OS: Windows 10 10.0.22621
#Hostname: DESKTOP-9B6T2JA
Generated by Fabric Inserter (version 2022.1 build 99559) at Mon Sep 25 20:58:08 2023
*************************************************************************
*
*  Parsing design. Please be patient as this can take several minutes.
*
*************************************************************************
Compiling architecture definition.
Loading technology operator library.
Compiling technology operator library.
Compiling technology operator (valence) library.
Compiling file 'C:/pango/prj/e203_test/synthesize/system_syn.adf' successful.
Creating module hierarchy.
Collecting net information.
*************************************************************************
*
*  Design Parsing Done.
*
*************************************************************************
Read project 'C:/pango/prj/e203_test/synthesize/system_syn.fic' Successfully.
M_PROCESS_FINISH_STARTED

