c:\pango\udp_gui\x64\release\udp_gui.obj
c:\pango\udp_gui\x64\release\main.obj
c:\pango\udp_gui\x64\release\moc_udp_gui.obj
c:\pango\udp_gui\x64\release\qrc_udp_gui.obj
c:\pango\udp_gui\x64\release\udp_gui.exe
c:\pango\udp_gui\x64\release\moc\moc_udp_gui.cpp
c:\pango\udp_gui\x64\release\rcc\qrc_udp_gui.cpp
c:\pango\udp_gui\x64\release\uic\ui_gui_main.h
c:\pango\udp_gui\x64\release\uic\ui_udp_gui.h
c:\pango\udp_gui\x64\release\udp_gui.tlog\cl.12376.write.1.tlog
c:\pango\udp_gui\x64\release\udp_gui.tlog\cl.command.1.tlog
c:\pango\udp_gui\x64\release\udp_gui.tlog\cl.read.1.tlog
c:\pango\udp_gui\x64\release\udp_gui.tlog\link.command.1.tlog
c:\pango\udp_gui\x64\release\udp_gui.tlog\link.read.1.tlog
c:\pango\udp_gui\x64\release\udp_gui.tlog\link.write.1.tlog
c:\pango\udp_gui\x64\release\udp_gui.tlog\moc.read.1u.tlog
c:\pango\udp_gui\x64\release\udp_gui.tlog\moc.write.1u.tlog
c:\pango\udp_gui\x64\release\udp_gui.tlog\rcc.read.1u.tlog
c:\pango\udp_gui\x64\release\udp_gui.tlog\rcc.write.1u.tlog
c:\pango\udp_gui\x64\release\udp_gui.tlog\udp_gui.write.1u.tlog
c:\pango\udp_gui\x64\release\udp_gui.tlog\uic.read.1u.tlog
c:\pango\udp_gui\x64\release\udp_gui.tlog\uic.write.1u.tlog
