#Build: Fabric Compiler 2022.1, Build 99559, Jul 12 00:20 2022
#Install: C:\pango\PDS_2022.1\bin
#Application name: pds_shell.exe
#OS: Windows 10 10.0.22621
#Hostname: DESKTOP-9B6T2JA
Generated by Fabric Compiler (version 2022.1 build 99559) at Sun Nov  5 17:19:47 2023
Compiling verification operator library.
Compiling common defs.
Compiling prim grid devices.
Compiling gate devices.
Compiling gate operators.
Building architecture model.
Loading device packaging model.
Reading design from DB.
Start Generating Programming File...
Reading design from DB takes 1.031250 sec.
Generating architecture configuration.
The bitstream file is "C:/pango/prj/e203_test/generate_bitstream/system.sbit"
Generate programming file takes 4.562500 sec.
Generating Programming File done.
Action gen_bit_stream: Real time elapsed is 0h:0m:13s
Action gen_bit_stream: CPU time elapsed is 0h:0m:5s
Action gen_bit_stream: Process CPU time elapsed is 0h:0m:5s
Current time: Sun Nov  5 17:19:58 2023
Action gen_bit_stream: Peak memory pool usage is 477 MB
