IP Generator (Version 2022.1 build 99559)
Check out license ...
Start generating at 2023-10-10 19:20
Instance: ip_itcm (C:\pango\prj\e203_test\ipcore\ip_itcm\ip_itcm.idf)
IP: DRM Based Single Port RAM (1.5)
Part: Logos-PGL22G-MBG324--6
Create directory 'rtl' ...
Copy 'rtl\ipml_spram_v1_5.v.xml' to 'rtl' ...
Compile file 'rtl\ipml_spram_v1_5.v.xml' to 'rtl\ipml_spram_v1_5_ip_itcm.v' ...
Copy 'ipml_spram_wrapper_v1_5.v.xml' ...
Compile file 'ipml_spram_wrapper_v1_5.v.xml' to 'ip_itcm.v' ...
Found top module 'ip_itcm' in file 'ip_itcm.v'.
Copy 'ipml_spram_wrapper_v1_3_tb.v.xml' ...
Compile file 'ipml_spram_wrapper_v1_3_tb.v.xml' to 'ip_itcm_tb.v' ...
Copy 'init_param_bin_exmp.dat' ...
Copy 'init_param_hex_exmp.dat' ...
Run file 'createParam.tcl' ...
Create template file 'ip_itcm_tmpl.v' ...
Create template file 'ip_itcm_tmpl.vhdl' ...
There are 2 source files to synthesize.
Synthesis is disabled.
Done: 0 error(s), 0 warning(s)
